<?xml version="1.0" encoding="UTF-8"?>
<!-- Generated by org.testng.reporters.JUnitReportReporter -->
<testsuite hostname="DESKTOP-JCNBK9Q" failures="0" tests="1" name="testscript.LogOutTest" time="22.636" errors="0" timestamp="2025-08-30T17:04:38 IST" skipped="0">
  <testcase classname="testscript.LogOutTest" name="verifyUserisAbleToLout" time="22.636"/>
</testsuite> <!-- testscript.LogOutTest -->
