<?xml version="1.0" encoding="UTF-8"?>
<!-- Generated by org.testng.reporters.JUnitReportReporter -->
<testsuite hostname="DESKTOP-JCNBK9Q" failures="0" tests="1" name="testscript.ManageNewsTest" time="4.159" errors="0" timestamp="2025-08-29T19:17:51 IST" skipped="0">
  <testcase classname="testscript.ManageNewsTest" name="verifyUserisAbleToClickManageNews" time="4.159"/>
</testsuite> <!-- testscript.ManageNewsTest -->
