<?xml version="1.0" encoding="UTF-8"?>
<!-- Generated by org.testng.reporters.JUnitReportReporter -->
<testsuite hostname="DESKTOP-JCNBK9Q" failures="0" tests="1" name="testscript.ManageContactTest" time="6.575" errors="0" timestamp="2025-08-29T19:21:25 IST" skipped="0">
  <testcase classname="testscript.ManageContactTest" name="verifyUserisAbleToClickManageContact" time="6.575"/>
</testsuite> <!-- testscript.ManageContactTest -->
