<?xml version="1.0" encoding="UTF-8"?>
<!-- Generated by org.testng.reporters.JUnitReportReporter -->
<testsuite hostname="DESKTOP-JCNBK9Q" failures="0" tests="1" name="testscript.LoginTest" time="2.975" errors="0" timestamp="2025-08-29T19:13:31 IST" skipped="0">
  <testcase classname="testscript.LoginTest" name="verifyUserIsAbletoLoginUsingInvalidPassword" time="2.975"/>
</testsuite> <!-- testscript.LoginTest -->
