<?xml version="1.0" encoding="UTF-8"?>
<!-- Generated by org.testng.reporters.JUnitReportReporter -->
<testsuite hostname="DESKTOP-JCNBK9Q" failures="0" tests="1" name="testscript.ManageContactUpdateTest" time="4.365" errors="0" timestamp="2025-09-01T21:15:05 IST" skipped="0">
  <testcase classname="testscript.ManageContactUpdateTest" name="validateUpdateBtnInManageContact" time="4.365"/>
</testsuite> <!-- testscript.ManageContactUpdateTest -->
